2022-02-13 11:57:36,534 [INFO] 

2022-02-13 11:57:36,534 [INFO] ====== WebDriver manager ======
2022-02-13 11:57:36,544 [INFO] Could not get version for chromium with the any command: /Applications/Chromium.app/Contents/MacOS/Chromium --version
2022-02-13 11:57:36,545 [INFO] Current chromium version is UNKNOWN
2022-02-13 11:57:36,545 [INFO] Get LATEST chromedriver version for UNKNOWN chromium
2022-02-13 11:57:37,017 [INFO] Driver [/Users/Rustam_Zokirov/.wdm/drivers/chromedriver/mac64/98.0.4758.80/chromedriver] found in cache
2022-02-13 11:57:39,797 [INFO] Start.......................................
2022-02-13 11:57:39,959 [INFO] 
2022-02-13 11:57:39,970 [INFO] data:,
2022-02-13 11:57:39,971 [INFO] Successfully done.......................................
2022-02-13 11:57:40,122 [INFO] End.........................................
2022-02-13 12:00:52,242 [INFO] 

2022-02-13 12:00:52,243 [INFO] ====== WebDriver manager ======
2022-02-13 12:00:52,252 [INFO] Could not get version for chromium with the any command: /Applications/Chromium.app/Contents/MacOS/Chromium --version
2022-02-13 12:00:52,252 [INFO] Current chromium version is UNKNOWN
2022-02-13 12:00:52,252 [INFO] Get LATEST chromedriver version for UNKNOWN chromium
2022-02-13 12:00:52,787 [INFO] Driver [/Users/Rustam_Zokirov/.wdm/drivers/chromedriver/mac64/98.0.4758.80/chromedriver] found in cache
2022-02-13 12:00:55,247 [INFO] Start.......................................
2022-02-13 12:00:55,393 [INFO] Browser title: 
2022-02-13 12:00:55,397 [INFO] Browser current url: data:,
2022-02-13 12:00:55,415 [INFO] Successfully done.......................................
2022-02-13 12:00:55,525 [INFO] End.........................................
2022-02-13 12:02:33,777 [INFO] 

2022-02-13 12:02:33,777 [INFO] ====== WebDriver manager ======
2022-02-13 12:02:33,786 [INFO] Could not get version for chromium with the any command: /Applications/Chromium.app/Contents/MacOS/Chromium --version
2022-02-13 12:02:33,786 [INFO] Current chromium version is UNKNOWN
2022-02-13 12:02:33,787 [INFO] Get LATEST chromedriver version for UNKNOWN chromium
2022-02-13 12:02:34,612 [INFO] Driver [/Users/Rustam_Zokirov/.wdm/drivers/chromedriver/mac64/98.0.4758.80/chromedriver] found in cache
2022-02-13 12:02:37,892 [INFO] Start.......................................
2022-02-13 12:02:54,160 [INFO] Browser title: Frames & windows
2022-02-13 12:02:54,164 [INFO] Browser current url: http://demo.automationtesting.in/Windows.html
2022-02-13 12:02:54,164 [INFO] Successfully done.......................................
2022-02-13 12:02:54,309 [INFO] End.........................................
2022-02-13 14:38:54,484 [INFO] 

2022-02-13 14:38:54,485 [INFO] ====== WebDriver manager ======
2022-02-13 14:38:54,491 [INFO] Could not get version for chromium with the any command: /Applications/Chromium.app/Contents/MacOS/Chromium --version
2022-02-13 14:38:54,492 [INFO] Current chromium version is UNKNOWN
2022-02-13 14:38:54,492 [INFO] Get LATEST chromedriver version for UNKNOWN chromium
2022-02-13 14:38:55,546 [INFO] Driver [/Users/Rustam_Zokirov/.wdm/drivers/chromedriver/mac64/98.0.4758.80/chromedriver] found in cache
2022-02-13 14:38:58,432 [INFO] Start.......................................
2022-02-13 14:39:10,614 [INFO] Browser title: Frames & windows
2022-02-13 14:39:10,617 [INFO] Browser current url: http://demo.automationtesting.in/Windows.html
2022-02-13 14:39:10,622 [INFO] Browser page source: <class 'str'>
2022-02-13 14:39:10,622 [INFO] Successfully done.......................................
2022-02-13 14:39:10,767 [INFO] End.........................................
2022-02-13 14:42:12,467 [INFO] 

2022-02-13 14:42:12,467 [INFO] ====== WebDriver manager ======
2022-02-13 14:42:12,474 [INFO] Could not get version for chromium with the any command: /Applications/Chromium.app/Contents/MacOS/Chromium --version
2022-02-13 14:42:12,474 [INFO] Current chromium version is UNKNOWN
2022-02-13 14:42:12,474 [INFO] Get LATEST chromedriver version for UNKNOWN chromium
2022-02-13 14:42:13,804 [INFO] Driver [/Users/Rustam_Zokirov/.wdm/drivers/chromedriver/mac64/98.0.4758.80/chromedriver] found in cache
2022-02-13 14:42:16,565 [INFO] Start.......................................
2022-02-13 14:42:26,381 [INFO] Successfully done.......................................
2022-02-13 14:42:26,502 [INFO] End.........................................
2022-02-13 15:34:27,440 [INFO] 

2022-02-13 15:34:27,442 [INFO] ====== WebDriver manager ======
2022-02-13 15:34:27,456 [INFO] Could not get version for chromium with the any command: /Applications/Chromium.app/Contents/MacOS/Chromium --version
2022-02-13 15:34:27,456 [INFO] Current chromium version is UNKNOWN
2022-02-13 15:34:27,456 [INFO] Get LATEST chromedriver version for UNKNOWN chromium
2022-02-13 15:34:27,934 [INFO] Driver [/Users/Rustam_Zokirov/.wdm/drivers/chromedriver/mac64/98.0.4758.80/chromedriver] found in cache
2022-02-13 15:34:31,235 [INFO] Start.......................................
2022-02-13 15:34:32,094 [INFO] Navigating to page: http://demo.automationtesting.in/Windows.html/
2022-02-13 15:34:32,363 [INFO] Navigating to page: http://demo.automationtesting.in/Windows.html/Register.html
2022-02-13 15:34:32,387 [INFO] Navigating back to page: http://demo.automationtesting.in/Windows.html/
2022-02-13 15:34:32,410 [INFO] Navigating forward to page: http://demo.automationtesting.in/Windows.html/Register.html
2022-02-13 15:34:32,410 [INFO] Successfully done.......................................
2022-02-13 15:34:32,505 [INFO] End.........................................
2022-02-13 15:35:09,705 [INFO] 

2022-02-13 15:35:09,705 [INFO] ====== WebDriver manager ======
2022-02-13 15:35:09,713 [INFO] Could not get version for chromium with the any command: /Applications/Chromium.app/Contents/MacOS/Chromium --version
2022-02-13 15:35:09,714 [INFO] Current chromium version is UNKNOWN
2022-02-13 15:35:09,714 [INFO] Get LATEST chromedriver version for UNKNOWN chromium
2022-02-13 15:35:10,075 [INFO] Driver [/Users/Rustam_Zokirov/.wdm/drivers/chromedriver/mac64/98.0.4758.80/chromedriver] found in cache
2022-02-13 15:35:12,446 [INFO] Start.......................................
2022-02-13 15:35:14,474 [INFO] Navigating to page: http://demo.automationtesting.in/Windows.html/
2022-02-13 15:35:15,419 [INFO] Navigating to page: http://demo.automationtesting.in/Register.html/
2022-02-13 15:35:15,437 [INFO] Navigating back to page: http://demo.automationtesting.in/Windows.html/
2022-02-13 15:35:15,457 [INFO] Navigating forward to page: http://demo.automationtesting.in/Register.html/
2022-02-13 15:35:15,457 [INFO] Successfully done.......................................
2022-02-13 15:35:15,566 [INFO] End.........................................
2022-02-13 15:36:21,516 [INFO] 

2022-02-13 15:36:21,516 [INFO] ====== WebDriver manager ======
2022-02-13 15:36:21,523 [INFO] Could not get version for chromium with the any command: /Applications/Chromium.app/Contents/MacOS/Chromium --version
2022-02-13 15:36:21,523 [INFO] Current chromium version is UNKNOWN
2022-02-13 15:36:21,524 [INFO] Get LATEST chromedriver version for UNKNOWN chromium
2022-02-13 15:36:22,549 [INFO] Driver [/Users/Rustam_Zokirov/.wdm/drivers/chromedriver/mac64/98.0.4758.80/chromedriver] found in cache
2022-02-13 15:36:25,136 [INFO] Start.......................................
2022-02-13 15:36:32,536 [INFO] Navigating to page: http://demo.automationtesting.in/Windows.html
2022-02-13 15:36:38,408 [INFO] Navigating to page: http://demo.automationtesting.in/Register.html
2022-02-13 15:36:40,820 [INFO] Navigating back to page: http://demo.automationtesting.in/Windows.html
2022-02-13 15:36:42,343 [INFO] Navigating forward to page: http://demo.automationtesting.in/Register.html
2022-02-13 15:36:42,343 [INFO] Successfully done.......................................
2022-02-13 15:36:42,518 [INFO] End.........................................
2022-02-13 15:37:34,247 [INFO] 

2022-02-13 15:37:34,247 [INFO] ====== WebDriver manager ======
2022-02-13 15:37:34,254 [INFO] Could not get version for chromium with the any command: /Applications/Chromium.app/Contents/MacOS/Chromium --version
2022-02-13 15:37:34,254 [INFO] Current chromium version is UNKNOWN
2022-02-13 15:37:34,254 [INFO] Get LATEST chromedriver version for UNKNOWN chromium
2022-02-13 15:37:34,548 [INFO] Driver [/Users/Rustam_Zokirov/.wdm/drivers/chromedriver/mac64/98.0.4758.80/chromedriver] found in cache
2022-02-13 15:37:37,539 [INFO] Start.......................................
2022-02-13 15:37:43,972 [INFO] Navigating to page: http://demo.automationtesting.in/Windows.html
2022-02-13 15:37:48,602 [INFO] Navigating to page: http://demo.automationtesting.in/Register.html
2022-02-13 15:37:51,151 [INFO] Navigating back to page: http://demo.automationtesting.in/Windows.html
2022-02-13 15:37:52,376 [INFO] Navigating forward to page: http://demo.automationtesting.in/Register.html
2022-02-13 15:37:52,404 [INFO] Successfully done.......................................
2022-02-13 15:37:52,714 [INFO] End.........................................
2022-02-13 15:54:40,569 [INFO] 

2022-02-13 15:54:40,571 [INFO] ====== WebDriver manager ======
2022-02-13 15:54:40,577 [INFO] Could not get version for chromium with the any command: /Applications/Chromium.app/Contents/MacOS/Chromium --version
2022-02-13 15:54:40,578 [INFO] Current chromium version is UNKNOWN
2022-02-13 15:54:40,578 [INFO] Get LATEST chromedriver version for UNKNOWN chromium
2022-02-13 15:54:43,603 [INFO] Driver [/Users/Rustam_Zokirov/.wdm/drivers/chromedriver/mac64/98.0.4758.80/chromedriver] found in cache
2022-02-13 15:54:46,635 [INFO] Start.......................................
2022-02-13 15:54:57,587 [INFO] Navigating to page: http://demo.automationtesting.in/Windows.html
2022-02-13 15:55:07,991 [INFO] Navigating to page: http://demo.automationtesting.in/Register.html
2022-02-13 15:55:11,318 [INFO] Navigating back to page: http://demo.automationtesting.in/Windows.html
2022-02-13 15:55:12,856 [INFO] Navigating forward to page: http://demo.automationtesting.in/Register.html
2022-02-13 15:55:12,862 [INFO] Successfully done.......................................
2022-02-13 15:55:13,106 [INFO] End.........................................
